<component name="libraryTable">
  <library name="junit-4.12">
    <CLASSES>
      <root url="jar://C:/Program Files (x86)/JetBrains/IntelliJ IDEA Community Edition 2016.2.4/lib/junit-4.12.jar!/" />
      <root url="jar://C:/Program Files (x86)/JetBrains/IntelliJ IDEA Community Edition 2016.2.4/lib/hamcrest-core-1.3.jar!/" />
    </CLASSES>
    <JAVADOC />
    <SOURCES />
  </library>
</component>